<?xml version="1.0" encoding="UTF-8"?>
<testsuite name="com.affnine.todo.TodoApplicationTests" tests="1" skipped="0" failures="0" errors="0" timestamp="2025-02-10T04:56:44" hostname="bunny-Vivobook-ASUSLaptop-K3405ZF-K3405ZF" time="0.331">
  <properties/>
  <testcase name="contextLoads()" classname="com.affnine.todo.TodoApplicationTests" time="0.331"/>
  <system-out><![CDATA[10:26:41.578 [Test worker] INFO org.springframework.test.context.support.AnnotationConfigContextLoaderUtils -- Could not detect default configuration classes for test class [com.affnine.todo.TodoApplicationTests]: TodoApplicationTests does not declare any static, non-private, non-final, nested classes annotated with @Configuration.
10:26:41.635 [Test worker] INFO org.springframework.boot.test.context.SpringBootTestContextBootstrapper -- Found @SpringBootConfiguration com.affnine.todo.TodoApplication for test class com.affnine.todo.TodoApplicationTests

  .   ____          _            __ _ _
 /\\ / ___'_ __ _ _(_)_ __  __ _ \ \ \ \
( ( )\___ | '_ | '_| | '_ \/ _` | \ \ \ \
 \\/  ___)| |_)| | | | | || (_| |  ) ) ) )
  '  |____| .__|_| |_|_| |_\__, | / / / /
 =========|_|==============|___/=/_/_/_/

 :: Spring Boot ::                (v3.4.2)

2025-02-10T10:26:41.876+05:30  INFO 14009 --- [todo] [    Test worker] com.affnine.todo.TodoApplicationTests    : Starting TodoApplicationTests using Java 17.0.14 with PID 14009 (started by bunny in /var/www/html/ai-todo-list)
2025-02-10T10:26:41.877+05:30  INFO 14009 --- [todo] [    Test worker] com.affnine.todo.TodoApplicationTests    : The following 1 profile is active: "dev"
2025-02-10T10:26:42.253+05:30  INFO 14009 --- [todo] [    Test worker] .s.d.r.c.RepositoryConfigurationDelegate : Bootstrapping Spring Data JPA repositories in DEFAULT mode.
2025-02-10T10:26:42.288+05:30  INFO 14009 --- [todo] [    Test worker] .s.d.r.c.RepositoryConfigurationDelegate : Finished Spring Data repository scanning in 29 ms. Found 1 JPA repository interface.
2025-02-10T10:26:42.559+05:30  INFO 14009 --- [todo] [    Test worker] com.zaxxer.hikari.HikariDataSource       : HikariPool-1 - Starting...
2025-02-10T10:26:42.757+05:30  INFO 14009 --- [todo] [    Test worker] com.zaxxer.hikari.pool.HikariPool        : HikariPool-1 - Added connection org.postgresql.jdbc.PgConnection@720f56e2
2025-02-10T10:26:42.758+05:30  INFO 14009 --- [todo] [    Test worker] com.zaxxer.hikari.HikariDataSource       : HikariPool-1 - Start completed.
2025-02-10T10:26:42.888+05:30  INFO 14009 --- [todo] [    Test worker] liquibase.database                       : Set default schema name to public
2025-02-10T10:26:43.093+05:30  INFO 14009 --- [todo] [    Test worker] liquibase.changelog                      : Reading from public.databasechangelog
2025-02-10T10:26:43.133+05:30  INFO 14009 --- [todo] [    Test worker] liquibase.ui                             : Database is up to date, no changesets to execute
2025-02-10T10:26:43.135+05:30  INFO 14009 --- [todo] [    Test worker] liquibase.changelog                      : Reading from public.databasechangelog
2025-02-10T10:26:43.141+05:30  INFO 14009 --- [todo] [    Test worker] liquibase.util                           : UPDATE SUMMARY
2025-02-10T10:26:43.141+05:30  INFO 14009 --- [todo] [    Test worker] liquibase.util                           : Run:                          0
2025-02-10T10:26:43.141+05:30  INFO 14009 --- [todo] [    Test worker] liquibase.util                           : Previously run:               4
2025-02-10T10:26:43.141+05:30  INFO 14009 --- [todo] [    Test worker] liquibase.util                           : Filtered out:                 0
2025-02-10T10:26:43.141+05:30  INFO 14009 --- [todo] [    Test worker] liquibase.util                           : -------------------------------
2025-02-10T10:26:43.141+05:30  INFO 14009 --- [todo] [    Test worker] liquibase.util                           : Total change sets:            4
2025-02-10T10:26:43.142+05:30  INFO 14009 --- [todo] [    Test worker] liquibase.util                           : Update summary generated
2025-02-10T10:26:43.143+05:30  INFO 14009 --- [todo] [    Test worker] liquibase.command                        : Command execution complete
2025-02-10T10:26:43.187+05:30  INFO 14009 --- [todo] [    Test worker] o.hibernate.jpa.internal.util.LogHelper  : HHH000204: Processing PersistenceUnitInfo [name: default]
2025-02-10T10:26:43.214+05:30  INFO 14009 --- [todo] [    Test worker] org.hibernate.Version                    : HHH000412: Hibernate ORM core version 6.6.5.Final
2025-02-10T10:26:43.234+05:30  INFO 14009 --- [todo] [    Test worker] o.h.c.internal.RegionFactoryInitiator    : HHH000026: Second-level cache disabled
2025-02-10T10:26:43.383+05:30  INFO 14009 --- [todo] [    Test worker] o.s.o.j.p.SpringPersistenceUnitInfo      : No LoadTimeWeaver setup: ignoring JPA class transformer
2025-02-10T10:26:43.431+05:30  INFO 14009 --- [todo] [    Test worker] org.hibernate.orm.connections.pooling    : HHH10001005: Database info:
	Database JDBC URL [Connecting through datasource 'HikariDataSource (HikariPool-1)']
	Database driver: undefined/unknown
	Database version: 14.15
	Autocommit mode: undefined/unknown
	Isolation level: undefined/unknown
	Minimum pool size: undefined/unknown
	Maximum pool size: undefined/unknown
2025-02-10T10:26:43.922+05:30  INFO 14009 --- [todo] [    Test worker] o.h.e.t.j.p.i.JtaPlatformInitiator       : HHH000489: No JTA platform available (set 'hibernate.transaction.jta.platform' to enable JTA platform integration)
2025-02-10T10:26:43.969+05:30  INFO 14009 --- [todo] [    Test worker] j.LocalContainerEntityManagerFactoryBean : Initialized JPA EntityManagerFactory for persistence unit 'default'
2025-02-10T10:26:44.219+05:30  WARN 14009 --- [todo] [    Test worker] JpaBaseConfiguration$JpaWebConfiguration : spring.jpa.open-in-view is enabled by default. Therefore, database queries may be performed during view rendering. Explicitly configure spring.jpa.open-in-view to disable this warning
2025-02-10T10:26:44.495+05:30  INFO 14009 --- [todo] [    Test worker] com.affnine.todo.TodoApplicationTests    : Started TodoApplicationTests in 2.785 seconds (process running for 3.346)
]]></system-out>
  <system-err><![CDATA[]]></system-err>
</testsuite>
